<?xml version="1.0" encoding="UTF-8"?>
<testsuite name="model.ScrabbleTest" tests="2" skipped="0" failures="0" errors="0" timestamp="2022-02-16T11:19:24" hostname="moringa-HP-EliteBook-840-G6" time="0.033">
  <properties/>
  <testcase name="Must Return 1" classname="model.ScrabbleTest" time="0.03"/>
  <testcase name="Should Return 2" classname="model.ScrabbleTest" time="0.001"/>
  <system-out><![CDATA[]]></system-out>
  <system-err><![CDATA[]]></system-err>
</testsuite>
